src/routes/admin/components/analytics/SettlementCalculator.tsx(96,4): error TS1005: '{' expected.
src/routes/admin/components/analytics/SettlementCalculator.tsx(184,4): error TS1005: '{' expected.
src/routes/admin/components/data/CloudDatabaseView.tsx(70,4): error TS1005: '{' expected.
src/routes/admin/components/data/CloudDatabaseView.tsx(256,4): error TS1005: '{' expected.
src/routes/admin/components/data/ConnectionCard.tsx(34,4): error TS1144: '{' or ';' expected.
src/routes/admin/components/data/catalog/DictionaryItemDetail/DefinitionCard.tsx(14,4): error TS1144: '{' or ';' expected.
src/routes/admin/components/data/data-sources/ConnectionCard.tsx(19,4): error TS1144: '{' or ';' expected.
src/routes/admin/components/data/data-sources/ConnectionForm.tsx(34,4): error TS1144: '{' or ';' expected.
src/routes/admin/components/data/data-sources/IndexedDBDataTable.tsx(31,4): error TS1144: '{' or ';' expected.
src/routes/admin/components/data/data-sources/IndexedDBStoreList.tsx(17,4): error TS1144: '{' or ';' expected.
src/routes/admin/components/data/governance/GovernanceDashboard.tsx(24,4): error TS1144: '{' or ';' expected.
src/routes/admin/components/data/schema/ColumnEditorModal.tsx(30,4): error TS1144: '{' or ';' expected.
src/routes/billing/components/trust/CreateTrustAccountForm.tsx(78,4): error TS1144: '{' or ';' expected.
src/routes/billing/components/trust/components/AccountInfoStep.tsx(31,4): error TS1144: '{' or ';' expected.
src/routes/billing/components/trust/components/BankDetailsStep.tsx(29,4): error TS1144: '{' or ';' expected.
src/routes/billing/components/trust/components/ComplianceStep.tsx(31,4): error TS1144: '{' or ';' expected.
src/routes/billing/components/trust/components/FormInput.tsx(32,4): error TS1144: '{' or ';' expected.
src/routes/billing/components/trust/components/FormNavigation.tsx(29,4): error TS1144: '{' or ';' expected.
src/routes/billing/components/trust/components/SignatoriesStep.tsx(26,4): error TS1144: '{' or ';' expected.
src/routes/correspondence/components/CorrespondenceErrorBoundary.tsx(128,2): error TS1005: ')' expected.
src/routes/correspondence/components/CorrespondenceManager.tsx(280,1): error TS1128: Declaration or statement expected.
src/routes/dashboard/components/EnhancedDashboardOverview.tsx(57,4): error TS1144: '{' or ';' expected.
src/routes/dashboard/widgets/ChartCard.tsx(65,4): error TS1144: '{' or ';' expected.
src/routes/dashboard/widgets/KPICard.tsx(133,4): error TS1144: '{' or ';' expected.
src/routes/dashboard/widgets/StatWidget.tsx(48,4): error TS1144: '{' or ';' expected.
src/routes/drafting/components/assembly/Step2FormConfiguration.tsx(27,4): error TS1144: '{' or ';' expected.
src/routes/drafting/components/assembly/Step3DraftReview.tsx(24,4): error TS1144: '{' or ';' expected.
src/routes/litigation/components/contexts/LitigationContext.tsx(144,13): error TS1005: ',' expected.
src/routes/litigation/components/contexts/LitigationContext.tsx(145,19): error TS1005: ',' expected.
src/routes/litigation/components/contexts/LitigationContext.tsx(146,22): error TS1005: ',' expected.
src/routes/litigation/components/contexts/LitigationContext.tsx(147,15): error TS1005: ',' expected.
src/routes/litigation/components/contexts/LitigationContext.tsx(148,17): error TS1005: ',' expected.
src/routes/litigation/components/contexts/LitigationContext.tsx(149,17): error TS1005: ',' expected.
src/routes/litigation/components/contexts/LitigationContext.tsx(150,15): error TS1005: ',' expected.
src/routes/litigation/components/contexts/LitigationContext.tsx(151,12): error TS1005: ',' expected.
src/routes/litigation/components/contexts/LitigationContext.tsx(152,15): error TS1005: ',' expected.
src/routes/litigation/components/contexts/LitigationContext.tsx(153,18): error TS1005: ',' expected.
src/routes/litigation/components/contexts/LitigationContext.tsx(154,21): error TS1005: ',' expected.
src/routes/litigation/components/contexts/LitigationContext.tsx(155,21): error TS1005: ',' expected.
src/routes/litigation/components/contexts/LitigationContext.tsx(156,16): error TS1005: ',' expected.
src/routes/litigation/components/contexts/LitigationContext.tsx(157,3): error TS1137: Expression or comma expected.
src/routes/litigation/components/contexts/LitigationContext.tsx(157,4): error TS1005: ',' expected.
src/routes/litigation/components/contexts/LitigationContext.tsx(157,5): error TS1134: Variable declaration expected.
src/routes/litigation/components/contexts/LitigationContext.tsx(158,12): error TS1005: ',' expected.
src/routes/litigation/components/contexts/LitigationContext.tsx(159,12): error TS1005: ',' expected.
src/routes/litigation/components/contexts/LitigationContext.tsx(160,12): error TS1005: ',' expected.
src/routes/litigation/components/contexts/LitigationContext.tsx(161,12): error TS1005: ',' expected.
src/routes/litigation/components/contexts/LitigationContext.tsx(162,12): error TS1005: ',' expected.
src/routes/litigation/components/contexts/LitigationContext.tsx(163,12): error TS1005: ',' expected.
src/routes/litigation/components/contexts/LitigationContext.tsx(164,12): error TS1005: ',' expected.
src/routes/litigation/components/contexts/LitigationContext.tsx(165,12): error TS1005: ',' expected.
src/routes/litigation/components/contexts/LitigationContext.tsx(166,12): error TS1005: ',' expected.
src/routes/litigation/components/contexts/LitigationContext.tsx(167,12): error TS1005: ',' expected.
src/routes/litigation/components/contexts/LitigationContext.tsx(168,12): error TS1005: ',' expected.
src/routes/litigation/components/contexts/LitigationContext.tsx(169,12): error TS1005: ',' expected.
src/routes/litigation/components/contexts/LitigationContext.tsx(170,12): error TS1005: ',' expected.
src/routes/litigation/components/contexts/LitigationContext.tsx(171,4): error TS1005: ',' expected.
src/routes/litigation/components/contexts/LitigationContext.tsx(181,1): error TS1128: Declaration or statement expected.
src/routes/real-estate/acquisition.tsx(132,15): error TS2657: JSX expressions must have one parent element.
src/routes/real-estate/acquisition.tsx(134,13): error TS1128: Declaration or statement expected.
src/routes/real-estate/acquisition.tsx(135,11): error TS1109: Expression expected.
src/routes/real-estate/acquisition.tsx(136,9): error TS1109: Expression expected.
src/routes/real-estate/acquisition.tsx(137,9): error TS2657: JSX expressions must have one parent element.
src/routes/real-estate/acquisition.tsx(159,7): error TS1128: Declaration or statement expected.
src/routes/real-estate/acquisition.tsx(347,5): error TS1128: Declaration or statement expected.
src/routes/real-estate/acquisition.tsx(348,3): error TS1109: Expression expected.
src/routes/real-estate/acquisition.tsx(349,1): error TS1128: Declaration or statement expected.
src/routes/research/components/ResearchSidebar.tsx(13,4): error TS1144: '{' or ';' expected.
src/routes/research/components/bluebook/FormatOptionsCard.tsx(20,4): error TS1144: '{' or ';' expected.
src/routes/research/components/bluebook/InputSection.tsx(32,4): error TS1144: '{' or ';' expected.
src/routes/research/components/bluebook/ResultItem.tsx(20,4): error TS1144: '{' or ';' expected.
src/routes/research/components/bluebook/ResultsSection.tsx(35,4): error TS1144: '{' or ';' expected.
src/routes/rules/components/rule-viewer/RuleTreeViewer.tsx(23,4): error TS1144: '{' or ';' expected.
src/shared/ui/layouts/LayoutComposer/LayoutComposer.tsx(211,4): error TS1144: '{' or ';' expected.
src/shared/ui/layouts/LayoutComposer/LayoutComposer.tsx(314,20): error TS1005: ',' expected.
src/shared/ui/layouts/LayoutComposer/LayoutComposer.tsx(315,21): error TS1005: ',' expected.
src/shared/ui/layouts/LayoutComposer/LayoutComposer.tsx(316,18): error TS1005: ',' expected.
src/shared/ui/layouts/LayoutComposer/LayoutComposer.tsx(317,2): error TS1005: ',' expected.
src/shared/ui/layouts/LayoutComposer/LayoutComposer.tsx(317,4): error TS1109: Expression expected.
